"http://www.alnaharegypt.com/c~rss"
"http://www.alnaharegypt.com/c~21"
"http://www.alnaharegypt.com/c~24"
"http://www.alnaharegypt.com/c~25"
"http://www.alnaharegypt.com/c~23"
"http://www.alnaharegypt.com/c~LEFT_BnrB"
"http://www.alnaharegypt.com/c~rss"
"http://www.alnaharegypt.com/t~561462"
"http://www.alnaharegypt.com/t~561463"
"http://www.alnaharegypt.com/t~561436"
"http://www.alnaharegypt.com/t~561456"
"http://www.alnaharegypt.com/t~561438"
"http://www.alnaharegypt.com/t~561439"
"http://www.alnaharegypt.com/t~561437"
"http://www.alnaharegypt.com/t~567796"
"http://www.alnaharegypt.com/t~567798"
"http://www.alnaharegypt.com/t~567797"
"http://www.alnaharegypt.com/t~567799"
"http://www.alnaharegypt.com/t~567801"
"http://www.alnaharegypt.com/t~567800"
"http://www.alnaharegypt.com/t~567802"
"http://www.alnaharegypt.com/t~567803"
"http://www.alnaharegypt.com/t~523911"
"http://www.alnaharegypt.com/t~523910"
"http://www.alnaharegypt.com/t~523908"
"http://www.alnaharegypt.com/t~523907"
"http://www.alnaharegypt.com/t~523906"
"http://www.alnaharegypt.com/t~564800"
"http://www.alnaharegypt.com/c~LEFT_BnrB"
"http://www.alnaharegypt.com/t~523909"
"http://www.alnaharegypt.com/mt~561463&print=y"
"http://www.alnaharegypt.com/mt~567796&print=y"
"http://www.alnaharegypt.com/t~567769"
"http://www.alnaharegypt.com/mt~561439&print=y"
"http://www.alnaharegypt.com/t~567773"
"http://www.alnaharegypt.com/t~567775"
"http://www.alnaharegypt.com/t~567781"
"http://www.alnaharegypt.com/t~567786"
"http://www.alnaharegypt.com/t~567696"
"http://www.alnaharegypt.com/mt~567803&print=y"
"http://www.alnaharegypt.com/mt~523911&print=y"
"http://www.alnaharegypt.com/mt~567801&print=y"
"http://www.alnaharegypt.com/t~567739"
